[2023-08-05 00:03:32] INFO root fetch - main [MainThread]: Get Changelog since Serial: [19181170]
[2023-08-05 00:03:37] INFO root fetch - main [MainThread]: Found 9 changed packages
[2023-08-05 00:03:37] INFO root fetch - processPackages [ThreadPoolExecutor-0_0]: Start processing: panther
[2023-08-05 00:03:37] INFO root fetch - processPackages [ThreadPoolExecutor-0_1]: Start processing: vertex2tex
[2023-08-05 00:03:37] INFO root fetch - processPackages [ThreadPoolExecutor-0_2]: Start processing: Janex
[2023-08-05 00:03:37] INFO root fetch - processPackages [ThreadPoolExecutor-0_3]: Start processing: whylabs-client
[2023-08-05 00:03:37] INFO root fetch - processPackages [ThreadPoolExecutor-0_4]: Start processing: modelbit
[2023-08-05 00:03:37] INFO root fetch - processPackages [ThreadPoolExecutor-0_5]: Start processing: spec-plots
[2023-08-05 00:03:37] INFO root fetch - processPackages [ThreadPoolExecutor-0_6]: Start processing: kdp-python-connector
[2023-08-05 00:03:37] INFO root fetch - processPackages [ThreadPoolExecutor-0_7]: Start processing: optimalpdb
[2023-08-05 00:03:37] INFO root fetch - processPackages [ThreadPoolExecutor-0_8]: Start processing: multiqc
[2023-08-05 00:03:37] INFO root fetch - processPackages [modelbit]: New version: [0.9.7] Old Version: [0.9.6]
[2023-08-05 00:03:37] INFO root fetch - processPackages [panther]: New version: [2.1.0] Old Version: [2.0.0]
[2023-08-05 00:03:37] INFO root fetch - processPackages [multiqc]: New version: [1.9] Old Version: [1.8]
[2023-08-05 00:03:37] INFO root fetch - processPackages [modelbit]: Downloading https://files.pythonhosted.org/packages/c9/f0/ed4cc6d7e8a055435d41e58b6ff37b6189ac3cb52e6383b72c12aa4e605f/modelbit-0.9.6.tar.gz
[2023-08-05 00:03:37] INFO root fetch - processPackages [whylabs-client]: New version: [0.5.4] Old Version: [0.5.3]
[2023-08-05 00:03:37] INFO root fetch - processPackages [spec-plots]: New version: [1.35.1] Old Version: [1.35.0]
[2023-08-05 00:03:37] INFO root fetch - processPackages [Janex]: New version: [0.0.9] Old Version: [0.0.8b0]
[2023-08-05 00:03:37] INFO root fetch - processPackages [vertex2tex]: New version: [0.3.4] Old Version: [0.3.3]
[2023-08-05 00:03:37] INFO root fetch - processPackages [kdp-python-connector]: New version: [0.5.0] Old Version: [0.33.0]
[2023-08-05 00:03:37] WARNING root fetch - processPackages [optimalpdb]: Skipping, unable to determine old version
[2023-08-05 00:03:37] INFO root fetch - main [MainThread]: End processing [optimalpdb] error
[2023-08-05 00:03:37] INFO root fetch - processPackages [panther]: Downloading https://files.pythonhosted.org/packages/68/b2/6051678505ff364776f77298625c9a5e783efcf379cefd7f6666a08a9892/panther-2.0.0.tar.gz
[2023-08-05 00:03:37] INFO root fetch - processPackages [multiqc]: Downloading https://files.pythonhosted.org/packages/d3/4b/1cf18ef697e5daa72dfa55d496167354e6ec7d78e87c696a52f338c2dc63/multiqc-1.8.tar.gz
[2023-08-05 00:03:37] INFO root fetch - processPackages [kdp-python-connector]: Downloading https://files.pythonhosted.org/packages/4f/71/3115f86bfc651056cfe8327a464b9bea509b205f50ec641a959f847a68d0/kdp-python-connector-0.33.0.tar.gz
[2023-08-05 00:03:37] INFO root fetch - processPackages [Janex]: Downloading https://files.pythonhosted.org/packages/ad/9b/02e3075181cb89ca28ef6d7eac669469d8be57e9f6888e74a0598d03bd22/Janex-0.0.8b0.tar.gz
[2023-08-05 00:03:37] INFO root fetch - processPackages [vertex2tex]: Downloading https://files.pythonhosted.org/packages/1d/50/e744003473bd469fa47240ad702a16eb75bd38a3e31def3290a546b5ffa1/vertex2tex-0.3.3.tar.gz
[2023-08-05 00:03:37] INFO root fetch - processPackages [whylabs-client]: Downloading https://files.pythonhosted.org/packages/ed/a1/ae4654f72d2172bb6e607b76ccb89092e4c36f0ba08a880141ce33617f2c/whylabs-client-0.5.3.tar.gz
[2023-08-05 00:03:37] INFO root fetch - processPackages [modelbit]: Downloading https://files.pythonhosted.org/packages/55/0f/8d19e66368fbaa57d08deb9b9d12c445c2e2451e77490d39dfff1e70698a/modelbit-0.9.7.tar.gz
[2023-08-05 00:03:37] INFO root fetch - processPackages [spec-plots]: Downloading https://files.pythonhosted.org/packages/ab/8c/c251887bdd9e22201472f0689656405917bf1037c67421ad0380b3cbec06/spec_plots-1.35.0.tar.gz
[2023-08-05 00:03:37] INFO root fetch - processPackages [panther]: Downloading https://files.pythonhosted.org/packages/11/4f/9ce16dac509d320ade907b47f5bbb508a9a42bc5e7418049bd4e66d95e8c/panther-2.1.0.tar.gz
[2023-08-05 00:03:38] INFO root fetch - processPackages [modelbit]: executing diffoscope
[2023-08-05 00:03:38] INFO root fetch - processPackages [modelbit]: podman run --user 0:0 --rm -w /home/abi/fetcher -v /home/abi/fetcher/tmp:/home/abi/fetcher/tmp:ro -v /home/abi/fetcher/20230805:/home/abi/fetcher/20230805:rw registry.salsa.debian.org/reproducible-builds/diffoscope --no-progress tmp/modelbit-0.9.6.tar.gz tmp/modelbit-0.9.7.tar.gz --markdown 20230805/m/modelbit/0.9.6-0.9.7/diff.md --exclude *.pyd
[2023-08-05 00:03:38] INFO root fetch - processPackages [panther]: executing diffoscope
[2023-08-05 00:03:38] INFO root fetch - processPackages [panther]: podman run --user 0:0 --rm -w /home/abi/fetcher -v /home/abi/fetcher/tmp:/home/abi/fetcher/tmp:ro -v /home/abi/fetcher/20230805:/home/abi/fetcher/20230805:rw registry.salsa.debian.org/reproducible-builds/diffoscope --no-progress tmp/panther-2.0.0.tar.gz tmp/panther-2.1.0.tar.gz --markdown 20230805/p/panther/2.0.0-2.1.0/diff.md --exclude *.pyd
[2023-08-05 00:03:38] INFO root fetch - processPackages [vertex2tex]: Downloading https://files.pythonhosted.org/packages/28/df/ad36982e7adbdbfe01c0203eb33d6167192401222d11396aeaa251415e11/vertex2tex-0.3.4.tar.gz
[2023-08-05 00:03:38] INFO root fetch - processPackages [whylabs-client]: Downloading https://files.pythonhosted.org/packages/13/74/4c1a6ed051eab9eb67dd2b9e986df5960228b467703647724f72e5956996/whylabs-client-0.5.4.tar.gz
[2023-08-05 00:03:38] INFO root fetch - processPackages [spec-plots]: Downloading https://files.pythonhosted.org/packages/96/80/c5bfacc2f4fa1583df52b1f8dbcf560d5ea2315f919266c68e5f99568a83/spec_plots-1.35.1.tar.gz
[2023-08-05 00:03:38] INFO root fetch - processPackages [Janex]: Downloading https://files.pythonhosted.org/packages/40/e1/132b211480dc634919c04b591850f6164665441cdbd516ef4c1b946c6f18/Janex-0.0.9.tar.gz
[2023-08-05 00:03:38] INFO root fetch - processPackages [kdp-python-connector]: Downloading https://files.pythonhosted.org/packages/50/ed/7adc882ae28f89586b404dfa2f5175747febffe5987a65b6a2d94547c2ce/kdp-python-connector-0.5.0.tar.gz
[2023-08-05 00:03:38] INFO root fetch - processPackages [vertex2tex]: executing diffoscope
[2023-08-05 00:03:38] INFO root fetch - processPackages [vertex2tex]: podman run --user 0:0 --rm -w /home/abi/fetcher -v /home/abi/fetcher/tmp:/home/abi/fetcher/tmp:ro -v /home/abi/fetcher/20230805:/home/abi/fetcher/20230805:rw registry.salsa.debian.org/reproducible-builds/diffoscope --no-progress tmp/vertex2tex-0.3.3.tar.gz tmp/vertex2tex-0.3.4.tar.gz --markdown 20230805/v/vertex2tex/0.3.3-0.3.4/diff.md --exclude *.pyd
[2023-08-05 00:03:38] INFO root fetch - processPackages [whylabs-client]: executing diffoscope
[2023-08-05 00:03:38] INFO root fetch - processPackages [whylabs-client]: podman run --user 0:0 --rm -w /home/abi/fetcher -v /home/abi/fetcher/tmp:/home/abi/fetcher/tmp:ro -v /home/abi/fetcher/20230805:/home/abi/fetcher/20230805:rw registry.salsa.debian.org/reproducible-builds/diffoscope --no-progress tmp/whylabs-client-0.5.3.tar.gz tmp/whylabs-client-0.5.4.tar.gz --markdown 20230805/w/whylabs-client/0.5.3-0.5.4/diff.md --exclude *.pyd
[2023-08-05 00:03:38] INFO root fetch - processPackages [Janex]: executing diffoscope
[2023-08-05 00:03:38] INFO root fetch - processPackages [Janex]: podman run --user 0:0 --rm -w /home/abi/fetcher -v /home/abi/fetcher/tmp:/home/abi/fetcher/tmp:ro -v /home/abi/fetcher/20230805:/home/abi/fetcher/20230805:rw registry.salsa.debian.org/reproducible-builds/diffoscope --no-progress tmp/Janex-0.0.8b0.tar.gz tmp/Janex-0.0.9.tar.gz --markdown 20230805/J/Janex/0.0.8b0-0.0.9/diff.md --exclude *.pyd
[2023-08-05 00:03:38] INFO root fetch - processPackages [spec-plots]: executing diffoscope
[2023-08-05 00:03:38] INFO root fetch - processPackages [spec-plots]: podman run --user 0:0 --rm -w /home/abi/fetcher -v /home/abi/fetcher/tmp:/home/abi/fetcher/tmp:ro -v /home/abi/fetcher/20230805:/home/abi/fetcher/20230805:rw registry.salsa.debian.org/reproducible-builds/diffoscope --no-progress tmp/spec_plots-1.35.0.tar.gz tmp/spec_plots-1.35.1.tar.gz --markdown 20230805/s/spec-plots/1.35.0-1.35.1/diff.md --exclude *.pyd
[2023-08-05 00:03:38] INFO root fetch - processPackages [kdp-python-connector]: executing diffoscope
[2023-08-05 00:03:38] INFO root fetch - processPackages [kdp-python-connector]: podman run --user 0:0 --rm -w /home/abi/fetcher -v /home/abi/fetcher/tmp:/home/abi/fetcher/tmp:ro -v /home/abi/fetcher/20230805:/home/abi/fetcher/20230805:rw registry.salsa.debian.org/reproducible-builds/diffoscope --no-progress tmp/kdp-python-connector-0.33.0.tar.gz tmp/kdp-python-connector-0.5.0.tar.gz --markdown 20230805/k/kdp-python-connector/0.33.0-0.5.0/diff.md --exclude *.pyd
[2023-08-05 00:03:38] INFO root fetch - processPackages [multiqc]: Downloading https://files.pythonhosted.org/packages/c8/2d/f0a6be15f861c5d165726d7afecd823ca158dff530b566379623a0e4534b/multiqc-1.9.tar.gz
[2023-08-05 00:03:38] INFO root fetch - processPackages [multiqc]: executing diffoscope
[2023-08-05 00:03:38] INFO root fetch - processPackages [multiqc]: podman run --user 0:0 --rm -w /home/abi/fetcher -v /home/abi/fetcher/tmp:/home/abi/fetcher/tmp:ro -v /home/abi/fetcher/20230805:/home/abi/fetcher/20230805:rw registry.salsa.debian.org/reproducible-builds/diffoscope --no-progress tmp/multiqc-1.8.tar.gz tmp/multiqc-1.9.tar.gz --markdown 20230805/m/multiqc/1.8-1.9/diff.md --exclude *.pyd
[2023-08-05 00:03:39] INFO root fetch - processPackages [Janex]: Remove: archive file [/home/abi/fetcher/tmp/Janex-0.0.8b0.tar.gz]
[2023-08-05 00:03:39] INFO root fetch - processPackages [Janex]: Remove: archive file [/home/abi/fetcher/tmp/Janex-0.0.9.tar.gz]
[2023-08-05 00:03:39] INFO root fetch - main [MainThread]: End processing [Janex]: success
[2023-08-05 00:03:39] INFO root fetch - processPackages [vertex2tex]: Remove: archive file [/home/abi/fetcher/tmp/vertex2tex-0.3.3.tar.gz]
[2023-08-05 00:03:39] INFO root fetch - processPackages [vertex2tex]: Remove: archive file [/home/abi/fetcher/tmp/vertex2tex-0.3.4.tar.gz]
[2023-08-05 00:03:39] INFO root fetch - main [MainThread]: End processing [vertex2tex]: success
[2023-08-05 00:03:39] INFO root fetch - processPackages [panther]: Remove: archive file [/home/abi/fetcher/tmp/panther-2.0.0.tar.gz]
[2023-08-05 00:03:39] INFO root fetch - processPackages [panther]: Remove: archive file [/home/abi/fetcher/tmp/panther-2.1.0.tar.gz]
[2023-08-05 00:03:39] INFO root fetch - processPackages [modelbit]: Remove: archive file [/home/abi/fetcher/tmp/modelbit-0.9.6.tar.gz]
[2023-08-05 00:03:39] INFO root fetch - main [MainThread]: End processing [panther]: success
[2023-08-05 00:03:39] INFO root fetch - processPackages [modelbit]: Remove: archive file [/home/abi/fetcher/tmp/modelbit-0.9.7.tar.gz]
[2023-08-05 00:03:39] INFO root fetch - main [MainThread]: End processing [modelbit]: success
[2023-08-05 00:03:39] INFO root fetch - processPackages [kdp-python-connector]: Remove: archive file [/home/abi/fetcher/tmp/kdp-python-connector-0.33.0.tar.gz]
[2023-08-05 00:03:39] INFO root fetch - processPackages [kdp-python-connector]: Remove: archive file [/home/abi/fetcher/tmp/kdp-python-connector-0.5.0.tar.gz]
[2023-08-05 00:03:39] INFO root fetch - main [MainThread]: End processing [kdp-python-connector]: success
[2023-08-05 00:03:39] INFO root fetch - processPackages [spec-plots]: Remove: archive file [/home/abi/fetcher/tmp/spec_plots-1.35.0.tar.gz]
[2023-08-05 00:03:39] INFO root fetch - processPackages [spec-plots]: Remove: archive file [/home/abi/fetcher/tmp/spec_plots-1.35.1.tar.gz]
[2023-08-05 00:03:39] INFO root fetch - main [MainThread]: End processing [spec-plots]: success
[2023-08-05 00:03:40] INFO root fetch - processPackages [whylabs-client]: Remove: archive file [/home/abi/fetcher/tmp/whylabs-client-0.5.3.tar.gz]
[2023-08-05 00:03:40] INFO root fetch - processPackages [whylabs-client]: Remove: archive file [/home/abi/fetcher/tmp/whylabs-client-0.5.4.tar.gz]
[2023-08-05 00:03:40] INFO root fetch - main [MainThread]: End processing [whylabs-client]: success
[2023-08-05 00:03:42] ERROR root fetch - processPackages [multiqc]: Diffoscope failed: time="2023-08-05T00:03:38+02:00" level=error msg="User-selected graph driver \"vfs\" overwritten by graph driver \"overlay\" from database - delete libpod local files to resolve.  May prevent use of images created by other tools"
Traceback (most recent call last):
  File "/srv/diffoscope/diffoscope/main.py", line 767, in main
    sys.exit(run_diffoscope(parsed_args))
             ^^^^^^^^^^^^^^^^^^^^^^^^^^^
  File "/srv/diffoscope/diffoscope/main.py", line 718, in run_diffoscope
    difference = compare_root_paths(path1, path2)
                 ^^^^^^^^^^^^^^^^^^^^^^^^^^^^^^^^
  File "/srv/diffoscope/diffoscope/comparators/utils/compare.py", line 69, in compare_root_paths
    difference = compare_files(file1, file2)
                 ^^^^^^^^^^^^^^^^^^^^^^^^^^^
  File "/srv/diffoscope/diffoscope/comparators/utils/compare.py", line 149, in compare_files
    return file1.compare(file2, source)
           ^^^^^^^^^^^^^^^^^^^^^^^^^^^^
  File "/srv/diffoscope/diffoscope/comparators/utils/file.py", line 515, in compare
    difference = self._compare_using_details(other, source)
                 ^^^^^^^^^^^^^^^^^^^^^^^^^^^^^^^^^^^^^^^^^^
  File "/srv/diffoscope/diffoscope/comparators/utils/file.py", line 450, in _compare_using_details
    details.extend(
  File "/srv/diffoscope/diffoscope/comparators/utils/container.py", line 197, in compare_pair
    difference = compare_files(
                 ^^^^^^^^^^^^^^
  File "/srv/diffoscope/diffoscope/comparators/utils/compare.py", line 149, in compare_files
    return file1.compare(file2, source)
           ^^^^^^^^^^^^^^^^^^^^^^^^^^^^
  File "/srv/diffoscope/diffoscope/comparators/utils/file.py", line 515, in compare
    difference = self._compare_using_details(other, source)
                 ^^^^^^^^^^^^^^^^^^^^^^^^^^^^^^^^^^^^^^^^^^
  File "/srv/diffoscope/diffoscope/comparators/utils/file.py", line 450, in _compare_using_details
    details.extend(
  File "/srv/diffoscope/diffoscope/comparators/utils/container.py", line 197, in compare_pair
    difference = compare_files(
                 ^^^^^^^^^^^^^^
  File "/srv/diffoscope/diffoscope/comparators/utils/compare.py", line 149, in compare_files
    return file1.compare(file2, source)
           ^^^^^^^^^^^^^^^^^^^^^^^^^^^^
  File "/srv/diffoscope/diffoscope/comparators/utils/file.py", line 515, in compare
    difference = self._compare_using_details(other, source)
                 ^^^^^^^^^^^^^^^^^^^^^^^^^^^^^^^^^^^^^^^^^^
  File "/srv/diffoscope/diffoscope/comparators/utils/file.py", line 416, in _compare_using_details
    details.extend(self.compare_details(other, source))
                   ^^^^^^^^^^^^^^^^^^^^^^^^^^^^^^^^^^^
  File "/srv/diffoscope/diffoscope/comparators/python.py", line 51, in compare_details
    describe_pyc(self.path),
    ^^^^^^^^^^^^^^^^^^^^^^^
  File "/srv/diffoscope/diffoscope/comparators/python.py", line 65, in describe_pyc
    return "\n".join(parse_pyc(f))
           ^^^^^^^^^^^^^^^^^^^^^^^
  File "/srv/diffoscope/diffoscope/comparators/python.py", line 81, in parse_pyc
    code = marshal.load(f)
           ^^^^^^^^^^^^^^^
SystemError: ../Objects/codeobject.c:250: bad argument to internal function

[2023-08-05 00:03:42] INFO root fetch - main [MainThread]: End processing [multiqc] error
[2023-08-05 00:03:42] INFO root fetch - main [MainThread]: Store serial: [19181199]
